1535197939022:addUser
1535197942751:hepl
1535197947292:help
1535197963243:add-user
1535197986116:add-user olya katya
1535197991758:stacktrace
1535198543769:exit
1535198578236:add-user i i
1535198611805:exit
1535198634569:add-user o o
1535199042905:exit
1535199075602:add-user j j
1535199111800:exit
1535199142992:add-user r r
1535199232890:exit
1535199256162:add-user i i
1535199746868:exit
1535199772908:add-user u u
1535199971242:exit
1535199992302:add-user
1535199997124:add-user u u
1535200038078:exit
1535200058520:add-user u u
1535200209182:exit
1535200227055:add-user u u
1535200249750:stacktrace
1535200424634:exit
1535200451053:add-user u u
1535200479002:exit
1535200497203:add-user u u
1535200501596:stacktrace
1535200548513:exit
1535200572258:add-user u  u
1535201425971:exit
1535201454659:add-user u  u
1535201590545:exit
1535201611322:add-user u  u
1535201615039:stacktrace
1535201697728:exit
1535201716486:add-user u  u
1535201751969:exit
1535202618442:help
1535202623478:get-all
1535202646506:add-user i i
1535202649508:get-all
1535202881729:add-user i i
1535202888322:get-all
1535202939604:exit
1535203288454:get-all
1535203292018:add-user i i
1535203294630:get-all
1535203360537:exit
1535208950729:get-all
1535208969885:stacktrace
1535209038187:exit
1535209057877:get-all
1535209065266:s
1535209079219:stacktrace
1535209092761:exit
1535209102592:get-all
1535209105134:stacktrace
1535209489120:exit
1535209841641:load-context
1535209847873:get-all
1535209857757:add i i
1535209863204:add-user i i
1535209866364:get-all
1535209891527:exit
1535210471444:help
1535210490159:load-context
1535210501418:stacktrace
1535223038993:load-context
1535223045950:stacktrace
1535225252793:load-context
1535225855937:exit
1535225874653:load-context
1535226209041:exit
1535226302211:load-context
1535226357246:exit
1535226381829:load-context
1535226496376:exit
1535228232476:load-context
1535228265784:exit
1535228285141:load-context
1535228582658:exit
1535228600613:load-context
1535228609317:help
1535228622496:get-all-auditoriums
1535228717935:get-all-users
1535228726174:exit
1535228775792:load-context
1535228786483:get-all-auditoriums
1535229833003:exit
1535229855169:load-context
1535229857378:get-all-auditoriums
1535229893840:exit
1535229914070:get-all-auditoriums
1535229919068:stacktrace
1535229939610:load-context
1535229941577:get-all-auditoriums
1535229997511:exit
1535230019570:load-context
1535230022036:get-all-auditoriums
1535230271878:exit
1535274531361:load-context
1535274542840:get-all-users
1535275022809:add-user u u
1535279909203:exit
1535279931036:load-context
1535279957571:exit
1535285143557:load-context
1535285147452:add-user u u
1535285176012:get-auditorium-by-name
1535285181463:get-auditorium-by-name a
1535285194983:get-all-auditoriums
1535285265596:get-auditorium-by-name Red
1535285277118:stacktrace
1535287460003:get-all-auditoriums
1535287492600:get-auditorium-by-name Red
1535287497362:get-auditorium-by-name
1535287506799:get-auditorium-by-name Blue
1535287618664:exit
1535287707448:load-context
1535287710434:get-auditorium-by-name Blue
1535289213915:exit
1535289283260:load-context
1535289286885:get-auditorium-by-name Blue
1535289299243:get-all-events
1535289309689:exit
